[debug] [2023-05-08T09:11:52.008Z] ----------------------------------------------------------------------
[debug] [2023-05-08T09:11:52.013Z] Command:       C:\Program Files\nodejs\node.exe C:\Users\Dell\AppData\Roaming\npm\node_modules\firebase-tools\lib\bin\firebase.js init
[debug] [2023-05-08T09:11:52.014Z] CLI Version:   11.27.0
[debug] [2023-05-08T09:11:52.014Z] Platform:      win32
[debug] [2023-05-08T09:11:52.014Z] Node Version:  v16.13.1
[debug] [2023-05-08T09:11:52.021Z] Time:          Mon May 08 2023 14:41:52 GMT+0530 (India Standard Time)
[debug] [2023-05-08T09:11:52.022Z] ----------------------------------------------------------------------
[debug] 
[debug] [2023-05-08T09:11:52.028Z] >>> [apiv2][query] GET https://firebase-public.firebaseio.com/cli.json [none]
[debug] [2023-05-08T09:11:52.682Z] > command requires scopes: ["email","openid","https://www.googleapis.com/auth/cloudplatformprojects.readonly","https://www.googleapis.com/auth/firebase","https://www.googleapis.com/auth/cloud-platform"]
[debug] [2023-05-08T09:11:52.683Z] > authorizing via signed-in user (dewanshyadaw8@gmail.com)
[info] 
     ######## #### ########  ######## ########     ###     ######  ########
     ##        ##  ##     ## ##       ##     ##  ##   ##  ##       ##
     ######    ##  ########  ######   ########  #########  ######  ######
     ##        ##  ##    ##  ##       ##     ## ##     ##       ## ##
     ##       #### ##     ## ######## ########  ##     ##  ######  ########

You're about to initialize a Firebase project in this directory:

  D:\Projects\JodiExpress\jodi_express

Before we get started, keep in mind:

  * You are initializing within an existing Firebase project directory

[debug] [2023-05-08T09:11:53.464Z] <<< [apiv2][status] GET https://firebase-public.firebaseio.com/cli.json 200
[debug] [2023-05-08T09:11:53.465Z] <<< [apiv2][body] GET https://firebase-public.firebaseio.com/cli.json {"cloudBuildErrorAfter":1594252800000,"cloudBuildWarnAfter":1590019200000,"defaultNode10After":1594252800000,"minVersion":"3.0.5","node8DeploysDisabledAfter":1613390400000,"node8RuntimeDisabledAfter":1615809600000,"node8WarnAfter":1600128000000}
[info] 
=== Project Setup
[info] 
[info] First, let's associate this project directory with a Firebase project.
[info] You can create multiple project aliases by running firebase use --add, 
[info] but for now we'll just set up a default project.
[info] 
[debug] [2023-05-08T09:12:36.315Z] Using project from CLI flag: jodiexpress-ee2b1
[debug] [2023-05-08T09:12:36.317Z] > refreshing access token with scopes: []
[debug] [2023-05-08T09:12:36.319Z] >>> [apiv2][query] POST https://www.googleapis.com/oauth2/v3/token [none]
[debug] [2023-05-08T09:12:36.319Z] >>> [apiv2][body] POST https://www.googleapis.com/oauth2/v3/token [omitted]
[debug] [2023-05-08T09:12:36.631Z] <<< [apiv2][status] POST https://www.googleapis.com/oauth2/v3/token 200
[debug] [2023-05-08T09:12:36.631Z] <<< [apiv2][body] POST https://www.googleapis.com/oauth2/v3/token [omitted]
[debug] [2023-05-08T09:12:36.642Z] >>> [apiv2][query] GET https://firebase.googleapis.com/v1beta1/projects/jodiexpress-ee2b1 [none]
[debug] [2023-05-08T09:12:37.235Z] <<< [apiv2][status] GET https://firebase.googleapis.com/v1beta1/projects/jodiexpress-ee2b1 200
[debug] [2023-05-08T09:12:37.235Z] <<< [apiv2][body] GET https://firebase.googleapis.com/v1beta1/projects/jodiexpress-ee2b1 {"projectId":"jodiexpress-ee2b1","projectNumber":"825856782760","displayName":"JodiExpress","name":"projects/jodiexpress-ee2b1","resources":{"hostingSite":"jodiexpress-ee2b1","storageBucket":"jodiexpress-ee2b1.appspot.com","locationId":"us-central"},"state":"ACTIVE","etag":"1_598f8572-ee58-4b43-86bd-511038ac650d"}
[info] i  Using project jodiexpress-ee2b1 (JodiExpress) 
[info] 
=== Hosting Setup
[info] 
[info] Your public directory is the folder (relative to your project directory) that
[info] will contain Hosting assets to be uploaded with firebase deploy. If you
[info] have a build process for your assets, use your build's output directory.
[info] 
